<?xml version="1.0" encoding="UTF-8"?>
<testsuite xmlns:xsi="http://www.w3.org/2001/XMLSchema-instance" xsi:noNamespaceSchemaLocation="https://maven.apache.org/surefire/maven-surefire-plugin/xsd/surefire-test-report.xsd" version="3.0.2" name="TEST_RUNNER.TEST_RUNNER" time="20.717" tests="6" errors="0" skipped="0" failures="0">
  <properties>
[...]
</properties>
  <testcase name="Successfull login with Bank Manager Login #1" classname="Bank Manager Login" time="5.889">
    <system-out><![CDATA[
@sanity
Scenario Outline: Successfull login with Bank Manager Login                                    &amp#27;[90m# FEATURE/Bank Manager Login.feature:18&amp#27;[0m
INFO    2024-08-29 14:14:13,470 [main] STEPS.STEPS  - ********LaunchingBrowser*********
  &amp#27;[32mGiven &amp#27;[0m&amp#27;[32mUser launch the browser&amp#27;[0m                                                                &amp#27;[90m# STEPS.STEPS.user_launch_the_browser()&amp#27;[0m
INFO    2024-08-29 14:14:14,298 [main] STEPS.STEPS  - ********open the URL*********
  &amp#27;[32mWhen &amp#27;[0m&amp#27;[32mUser open the URL &amp#27;[0m&amp#27;[32m&amp#27;[1m"https://www.way2automation.com/angularjs-protractor/banking/#/login"&amp#27;[0m &amp#27;[90m# STEPS.STEPS.user_open_the_url(java.lang.String)&amp#27;[0m
INFO    2024-08-29 14:14:14,390 [main] STEPS.STEPS  - ********user_click_bank_manager_login********
INFO    2024-08-29 14:14:14,535 [main] STEPS.STEPS  - ********click_Navigate_Customer********
  &amp#27;[32mWhen &amp#27;[0m&amp#27;[32mUser click BankManager login&amp#27;[0m                                                            &amp#27;[90m# STEPS.STEPS.user_click_bank_manager_login()&amp#27;[0m
INFO    2024-08-29 14:14:14,984 [main] STEPS.STEPS  - ********user_enter_theFirst,LastName&Postal*********
  &amp#27;[32mAnd &amp#27;[0m&amp#27;[32mUser  Enter the &amp#27;[0m&amp#27;[32m&amp#27;[1m"Tom"&amp#27;[0m&amp#27;[32m,&amp#27;[0m&amp#27;[32m&amp#27;[1m"Riddle"&amp#27;[0m&amp#27;[32m,&amp#27;[0m&amp#27;[32m&amp#27;[1m"234567"&amp#27;[0m                                                  &amp#27;[90m# STEPS.STEPS.user_enter_the(java.lang.String,java.lang.String,java.lang.String)&amp#27;[0m
INFO    2024-08-29 14:14:15,049 [main] STEPS.STEPS  - ********user_click_add_customer_button********
  &amp#27;[32mAnd &amp#27;[0m&amp#27;[32mUser click Add Customer button&amp#27;[0m                                                           &amp#27;[90m# STEPS.STEPS.user_click_add_customer_button()&amp#27;[0m
INFO    2024-08-29 14:14:15,126 [main] STEPS.STEPS  - ********user_navigate_to_open_account********
  &amp#27;[32mThen &amp#27;[0m&amp#27;[32mUser Navigate to Open Account&amp#27;[0m                                                           &amp#27;[90m# STEPS.STEPS.user_navigate_to_open_account()&amp#27;[0m
INFO    2024-08-29 14:14:15,475 [main] STEPS.STEPS  - ********user_enter_theCustomerName********
INFO    2024-08-29 14:14:15,544 [main] STEPS.STEPS  - ********user_enter_thecurrency********
  &amp#27;[32mAnd &amp#27;[0m&amp#27;[32mUser Enter the &amp#27;[0m&amp#27;[32m&amp#27;[1m"Harry Potter"&amp#27;[0m&amp#27;[32m &&amp#27;[0m&amp#27;[32m&amp#27;[1m"Dollar"&amp#27;[0m                                                  &amp#27;[90m# STEPS.STEPS.user_enter_the(java.lang.String,java.lang.String)&amp#27;[0m
INFO    2024-08-29 14:14:15,593 [main] STEPS.STEPS  - ********user_click_process_button********
INFO    2024-08-29 14:14:15,599 [main] STEPS.STEPS  - ********user_click_Alert_button********
  &amp#27;[32mAnd &amp#27;[0m&amp#27;[32mUser click Process button&amp#27;[0m                                                                &amp#27;[90m# STEPS.STEPS.user_click_process_button()&amp#27;[0m
INFO    2024-08-29 14:14:15,656 [main] STEPS.STEPS  - ********user_navigate_to_customer_page********
Enter the Random Email Address are =aQFOZ@gmail.com
  &amp#27;[32mAnd &amp#27;[0m&amp#27;[32mUser navigate to customer Page&amp#27;[0m                                                           &amp#27;[90m# STEPS.STEPS.user_navigate_to_customer_page()&amp#27;[0m
INFO    2024-08-29 14:14:15,658 [main] STEPS.STEPS  - ********closingBrowser********
  &amp#27;[32mAnd &amp#27;[0m&amp#27;[32mclose Browser&amp#27;[0m                                                                            &amp#27;[90m# STEPS.STEPS.close_browser()&amp#27;[0m
]]></system-out>
    <system-err><![CDATA[Aug 29, 2024 2:14:13 PM org.openqa.selenium.devtools.CdpVersionFinder findNearestMatch
WARNING: Unable to find an exact match for CDP version 128, returning the closest version; found: 124; Please update to a Selenium version that supports CDP version 128
log4j:ERROR Could not find value for key log4j.appender.Appender
log4j:ERROR Could not instantiate appender named "Appender".
]]></system-err>
  </testcase>
  <testcase name="Successfull login with Bank Manager Login #2" classname="Bank Manager Login" time="2.95">
    <system-out><![CDATA[
@sanity
Scenario Outline: Successfull login with Bank Manager Login                                    &amp#27;[90m# FEATURE/Bank Manager Login.feature:19&amp#27;[0m
INFO    2024-08-29 14:14:16,736 [main] STEPS.STEPS  - ********LaunchingBrowser*********
  &amp#27;[32mGiven &amp#27;[0m&amp#27;[32mUser launch the browser&amp#27;[0m                                                                &amp#27;[90m# STEPS.STEPS.user_launch_the_browser()&amp#27;[0m
INFO    2024-08-29 14:14:17,389 [main] STEPS.STEPS  - ********open the URL*********
  &amp#27;[32mWhen &amp#27;[0m&amp#27;[32mUser open the URL &amp#27;[0m&amp#27;[32m&amp#27;[1m"https://www.way2automation.com/angularjs-protractor/banking/#/login"&amp#27;[0m &amp#27;[90m# STEPS.STEPS.user_open_the_url(java.lang.String)&amp#27;[0m
INFO    2024-08-29 14:14:17,450 [main] STEPS.STEPS  - ********user_click_bank_manager_login********
INFO    2024-08-29 14:14:17,570 [main] STEPS.STEPS  - ********click_Navigate_Customer********
  &amp#27;[32mWhen &amp#27;[0m&amp#27;[32mUser click BankManager login&amp#27;[0m                                                            &amp#27;[90m# STEPS.STEPS.user_click_bank_manager_login()&amp#27;[0m
INFO    2024-08-29 14:14:18,141 [main] STEPS.STEPS  - ********user_enter_theFirst,LastName&Postal*********
  &amp#27;[32mAnd &amp#27;[0m&amp#27;[32mUser  Enter the &amp#27;[0m&amp#27;[32m&amp#27;[1m"Professor"&amp#27;[0m&amp#27;[32m,&amp#27;[0m&amp#27;[32m&amp#27;[1m"Severus Snape"&amp#27;[0m&amp#27;[32m,&amp#27;[0m&amp#27;[32m&amp#27;[1m"1234444"&amp#27;[0m                                    &amp#27;[90m# STEPS.STEPS.user_enter_the(java.lang.String,java.lang.String,java.lang.String)&amp#27;[0m
INFO    2024-08-29 14:14:18,204 [main] STEPS.STEPS  - ********user_click_add_customer_button********
  &amp#27;[32mAnd &amp#27;[0m&amp#27;[32mUser click Add Customer button&amp#27;[0m                                                           &amp#27;[90m# STEPS.STEPS.user_click_add_customer_button()&amp#27;[0m
INFO    2024-08-29 14:14:18,268 [main] STEPS.STEPS  - ********user_navigate_to_open_account********
  &amp#27;[32mThen &amp#27;[0m&amp#27;[32mUser Navigate to Open Account&amp#27;[0m                                                           &amp#27;[90m# STEPS.STEPS.user_navigate_to_open_account()&amp#27;[0m
INFO    2024-08-29 14:14:18,450 [main] STEPS.STEPS  - ********user_enter_theCustomerName********
INFO    2024-08-29 14:14:18,519 [main] STEPS.STEPS  - ********user_enter_thecurrency********
  &amp#27;[32mAnd &amp#27;[0m&amp#27;[32mUser Enter the &amp#27;[0m&amp#27;[32m&amp#27;[1m"Hermoine Granger"&amp#27;[0m&amp#27;[32m &&amp#27;[0m&amp#27;[32m&amp#27;[1m"Rupee"&amp#27;[0m                                               &amp#27;[90m# STEPS.STEPS.user_enter_the(java.lang.String,java.lang.String)&amp#27;[0m
INFO    2024-08-29 14:14:18,567 [main] STEPS.STEPS  - ********user_click_process_button********
INFO    2024-08-29 14:14:18,574 [main] STEPS.STEPS  - ********user_click_Alert_button********
  &amp#27;[32mAnd &amp#27;[0m&amp#27;[32mUser click Process button&amp#27;[0m                                                                &amp#27;[90m# STEPS.STEPS.user_click_process_button()&amp#27;[0m
INFO    2024-08-29 14:14:18,622 [main] STEPS.STEPS  - ********user_navigate_to_customer_page********
Enter the Random Email Address are =ZhUaZ@gmail.com
  &amp#27;[32mAnd &amp#27;[0m&amp#27;[32mUser navigate to customer Page&amp#27;[0m                                                           &amp#27;[90m# STEPS.STEPS.user_navigate_to_customer_page()&amp#27;[0m
INFO    2024-08-29 14:14:18,622 [main] STEPS.STEPS  - ********closingBrowser********
  &amp#27;[32mAnd &amp#27;[0m&amp#27;[32mclose Browser&amp#27;[0m                                                                            &amp#27;[90m# STEPS.STEPS.close_browser()&amp#27;[0m
]]></system-out>
    <system-err><![CDATA[Aug 29, 2024 2:14:16 PM org.openqa.selenium.devtools.CdpVersionFinder findNearestMatch
WARNING: Unable to find an exact match for CDP version 128, returning the closest version; found: 124; Please update to a Selenium version that supports CDP version 128
log4j:ERROR Could not find value for key log4j.appender.Appender
log4j:ERROR Could not instantiate appender named "Appender".
]]></system-err>
  </testcase>
  <testcase name="Successfull login with valid credentials" classname="Login to Application" time="2.857">
    <system-out><![CDATA[
@Regression
Scenario: Successfull login with valid credentials                                             &amp#27;[90m# FEATURE/LOGIN.feature:3&amp#27;[0m
INFO    2024-08-29 14:14:19,665 [main] STEPS.STEPS  - ********LaunchingBrowser*********
  &amp#27;[32mGiven &amp#27;[0m&amp#27;[32mUser launch the browser&amp#27;[0m                                                                &amp#27;[90m# STEPS.STEPS.user_launch_the_browser()&amp#27;[0m
INFO    2024-08-29 14:14:20,227 [main] STEPS.STEPS  - ********open the URL*********
  &amp#27;[32mWhen &amp#27;[0m&amp#27;[32mUser open the URL &amp#27;[0m&amp#27;[32m&amp#27;[1m"https://www.way2automation.com/angularjs-protractor/banking/#/login"&amp#27;[0m &amp#27;[90m# STEPS.STEPS.user_open_the_url(java.lang.String)&amp#27;[0m
INFO    2024-08-29 14:14:20,293 [main] STEPS.STEPS  - ********user_select_customer_login*********
  &amp#27;[32mAnd &amp#27;[0m&amp#27;[32mUser select customer login&amp#27;[0m                                                               &amp#27;[90m# STEPS.STEPS.user_select_customer_login()&amp#27;[0m
INFO    2024-08-29 14:14:20,941 [main] STEPS.STEPS  - ********user_select_the_name_*********
  &amp#27;[32mAnd &amp#27;[0m&amp#27;[32mUser Select the  Name such as &amp#27;[0m&amp#27;[32m&amp#27;[1m"Albus Dumbledore"&amp#27;[0m                                         &amp#27;[90m# STEPS.STEPS.user_select_the_name_such_as(java.lang.String)&amp#27;[0m
INFO    2024-08-29 14:14:20,990 [main] STEPS.STEPS  - ********user_click_the_deposit_button********
  &amp#27;[32mAnd &amp#27;[0m&amp#27;[32mUser click the Deposit   button&amp#27;[0m                                                          &amp#27;[90m# STEPS.STEPS.user_click_the_deposit_button()&amp#27;[0m
INFO    2024-08-29 14:14:21,168 [main] STEPS.STEPS  - ********user_enter_amount_that_need_to_be_deposited********
INFO    2024-08-29 14:14:21,359 [main] STEPS.STEPS  - ********check_customerloginsr********
  &amp#27;[32mAnd &amp#27;[0m&amp#27;[32mUser enter  amount that need to be Deposited as &amp#27;[0m&amp#27;[32m&amp#27;[1m2000&amp#27;[0m                                     &amp#27;[90m# STEPS.STEPS.user_enter_amount_that_need_to_be_deposited_as(java.lang.Integer)&amp#27;[0m
INFO    2024-08-29 14:14:21,411 [main] STEPS.STEPS  - ********User click Deposit button*******
  &amp#27;[32mAnd &amp#27;[0m&amp#27;[32mUser click Deposit button&amp#27;[0m                                                                &amp#27;[90m# STEPS.STEPS.user_click_deposit_button()&amp#27;[0m
INFO    2024-08-29 14:14:21,432 [main] STEPS.STEPS  - ********user_validate_amount********
  &amp#27;[32mThen &amp#27;[0m&amp#27;[32muser validate amount is  deposited or not&amp#27;[0m                                               &amp#27;[90m# STEPS.STEPS.user_validate_amount_is_deposited_or_not()&amp#27;[0m
INFO    2024-08-29 14:14:21,480 [main] STEPS.STEPS  - ********user_navigate_to_home_login_pager********
  &amp#27;[32mWhen &amp#27;[0m&amp#27;[32mUser Navigate to Home login Page&amp#27;[0m                                                        &amp#27;[90m# STEPS.STEPS.user_navigate_to_home_login_page()&amp#27;[0m
INFO    2024-08-29 14:14:21,481 [main] STEPS.STEPS  - ********page_title********
The title of page is Protractor practice website - Banking App
  &amp#27;[32mThen &amp#27;[0m&amp#27;[32mPage Title should be  &amp#27;[0m&amp#27;[32m&amp#27;[1m"Protractor practice website - Banking App"&amp#27;[0m                       &amp#27;[90m# STEPS.STEPS.page_title_should_be(java.lang.String)&amp#27;[0m
INFO    2024-08-29 14:14:21,486 [main] STEPS.STEPS  - ********closingBrowser********
  &amp#27;[32mAnd &amp#27;[0m&amp#27;[32mclose Browser&amp#27;[0m                                                                            &amp#27;[90m# STEPS.STEPS.close_browser()&amp#27;[0m
]]></system-out>
    <system-err><![CDATA[Aug 29, 2024 2:14:19 PM org.openqa.selenium.devtools.CdpVersionFinder findNearestMatch
WARNING: Unable to find an exact match for CDP version 128, returning the closest version; found: 124; Please update to a Selenium version that supports CDP version 128
log4j:ERROR Could not find value for key log4j.appender.Appender
log4j:ERROR Could not instantiate appender named "Appender".
]]></system-err>
  </testcase>
  <testcase name="Successfull login #1" classname="Login to Application" time="2.771">
    <system-out><![CDATA[
@sanity
Scenario Outline: Successfull login                                                            &amp#27;[90m# FEATURE/LOGIN.feature:33&amp#27;[0m
INFO    2024-08-29 14:14:22,515 [main] STEPS.STEPS  - ********LaunchingBrowser*********
  &amp#27;[32mGiven &amp#27;[0m&amp#27;[32mUser launch the browser&amp#27;[0m                                                                &amp#27;[90m# STEPS.STEPS.user_launch_the_browser()&amp#27;[0m
INFO    2024-08-29 14:14:23,117 [main] STEPS.STEPS  - ********open the URL*********
  &amp#27;[32mWhen &amp#27;[0m&amp#27;[32mUser open the URL &amp#27;[0m&amp#27;[32m&amp#27;[1m"https://www.way2automation.com/angularjs-protractor/banking/#/login"&amp#27;[0m &amp#27;[90m# STEPS.STEPS.user_open_the_url(java.lang.String)&amp#27;[0m
INFO    2024-08-29 14:14:23,180 [main] STEPS.STEPS  - ********user_select_customer_login*********
  &amp#27;[32mAnd &amp#27;[0m&amp#27;[32mUser select customer login&amp#27;[0m                                                               &amp#27;[90m# STEPS.STEPS.user_select_customer_login()&amp#27;[0m
INFO    2024-08-29 14:14:23,803 [main] STEPS.STEPS  - ********user_select_the_name_*********
  &amp#27;[32mAnd &amp#27;[0m&amp#27;[32mUser Select the  Name such as &amp#27;[0m&amp#27;[32m&amp#27;[1m"Harry Potter"&amp#27;[0m                                             &amp#27;[90m# STEPS.STEPS.user_select_the_name_such_as(java.lang.String)&amp#27;[0m
INFO    2024-08-29 14:14:23,856 [main] STEPS.STEPS  - ********user_click_the_deposit_button********
  &amp#27;[32mAnd &amp#27;[0m&amp#27;[32mUser click the Deposit   button&amp#27;[0m                                                          &amp#27;[90m# STEPS.STEPS.user_click_the_deposit_button()&amp#27;[0m
INFO    2024-08-29 14:14:23,966 [main] STEPS.STEPS  - ********user_enter_amount_that_need_to_be_deposited********
INFO    2024-08-29 14:14:24,108 [main] STEPS.STEPS  - ********check_customerloginsr********
  &amp#27;[32mAnd &amp#27;[0m&amp#27;[32mUser enter  amount that need to be Deposited as &amp#27;[0m&amp#27;[32m&amp#27;[1m1000&amp#27;[0m                                     &amp#27;[90m# STEPS.STEPS.user_enter_amount_that_need_to_be_deposited_as(java.lang.Integer)&amp#27;[0m
INFO    2024-08-29 14:14:24,164 [main] STEPS.STEPS  - ********User click Deposit button*******
  &amp#27;[32mAnd &amp#27;[0m&amp#27;[32mUser click Deposit button&amp#27;[0m                                                                &amp#27;[90m# STEPS.STEPS.user_click_deposit_button()&amp#27;[0m
INFO    2024-08-29 14:14:24,184 [main] STEPS.STEPS  - ********user_validate_amount********
  &amp#27;[32mThen &amp#27;[0m&amp#27;[32muser validate amount is  deposited or not&amp#27;[0m                                               &amp#27;[90m# STEPS.STEPS.user_validate_amount_is_deposited_or_not()&amp#27;[0m
INFO    2024-08-29 14:14:24,235 [main] STEPS.STEPS  - ********user_navigate_to_home_login_pager********
  &amp#27;[32mWhen &amp#27;[0m&amp#27;[32mUser Navigate to Home login Page&amp#27;[0m                                                        &amp#27;[90m# STEPS.STEPS.user_navigate_to_home_login_page()&amp#27;[0m
INFO    2024-08-29 14:14:24,236 [main] STEPS.STEPS  - ********page_title********
The title of page is Protractor practice website - Banking App
  &amp#27;[32mThen &amp#27;[0m&amp#27;[32mPage Title should be  &amp#27;[0m&amp#27;[32m&amp#27;[1m"Protractor practice website - Banking App"&amp#27;[0m                       &amp#27;[90m# STEPS.STEPS.page_title_should_be(java.lang.String)&amp#27;[0m
INFO    2024-08-29 14:14:24,241 [main] STEPS.STEPS  - ********closingBrowser********
  &amp#27;[32mAnd &amp#27;[0m&amp#27;[32mclose Browser&amp#27;[0m                                                                            &amp#27;[90m# STEPS.STEPS.close_browser()&amp#27;[0m
]]></system-out>
    <system-err><![CDATA[Aug 29, 2024 2:14:22 PM org.openqa.selenium.devtools.CdpVersionFinder findNearestMatch
WARNING: Unable to find an exact match for CDP version 128, returning the closest version; found: 124; Please update to a Selenium version that supports CDP version 128
log4j:ERROR Could not find value for key log4j.appender.Appender
log4j:ERROR Could not instantiate appender named "Appender".
]]></system-err>
  </testcase>
  <testcase name="Successfull login #2" classname="Login to Application" time="2.726">
    <system-out><![CDATA[
@sanity
Scenario Outline: Successfull login                                                            &amp#27;[90m# FEATURE/LOGIN.feature:34&amp#27;[0m
INFO    2024-08-29 14:14:25,310 [main] STEPS.STEPS  - ********LaunchingBrowser*********
  &amp#27;[32mGiven &amp#27;[0m&amp#27;[32mUser launch the browser&amp#27;[0m                                                                &amp#27;[90m# STEPS.STEPS.user_launch_the_browser()&amp#27;[0m
INFO    2024-08-29 14:14:25,878 [main] STEPS.STEPS  - ********open the URL*********
  &amp#27;[32mWhen &amp#27;[0m&amp#27;[32mUser open the URL &amp#27;[0m&amp#27;[32m&amp#27;[1m"https://www.way2automation.com/angularjs-protractor/banking/#/login"&amp#27;[0m &amp#27;[90m# STEPS.STEPS.user_open_the_url(java.lang.String)&amp#27;[0m
INFO    2024-08-29 14:14:25,932 [main] STEPS.STEPS  - ********user_select_customer_login*********
  &amp#27;[32mAnd &amp#27;[0m&amp#27;[32mUser select customer login&amp#27;[0m                                                               &amp#27;[90m# STEPS.STEPS.user_select_customer_login()&amp#27;[0m
INFO    2024-08-29 14:14:26,552 [main] STEPS.STEPS  - ********user_select_the_name_*********
  &amp#27;[32mAnd &amp#27;[0m&amp#27;[32mUser Select the  Name such as &amp#27;[0m&amp#27;[32m&amp#27;[1m"Hermoine Granger"&amp#27;[0m                                         &amp#27;[90m# STEPS.STEPS.user_select_the_name_such_as(java.lang.String)&amp#27;[0m
INFO    2024-08-29 14:14:26,603 [main] STEPS.STEPS  - ********user_click_the_deposit_button********
  &amp#27;[32mAnd &amp#27;[0m&amp#27;[32mUser click the Deposit   button&amp#27;[0m                                                          &amp#27;[90m# STEPS.STEPS.user_click_the_deposit_button()&amp#27;[0m
INFO    2024-08-29 14:14:26,726 [main] STEPS.STEPS  - ********user_enter_amount_that_need_to_be_deposited********
INFO    2024-08-29 14:14:26,849 [main] STEPS.STEPS  - ********check_customerloginsr********
  &amp#27;[32mAnd &amp#27;[0m&amp#27;[32mUser enter  amount that need to be Deposited as &amp#27;[0m&amp#27;[32m&amp#27;[1m90000&amp#27;[0m                                    &amp#27;[90m# STEPS.STEPS.user_enter_amount_that_need_to_be_deposited_as(java.lang.Integer)&amp#27;[0m
INFO    2024-08-29 14:14:26,903 [main] STEPS.STEPS  - ********User click Deposit button*******
  &amp#27;[32mAnd &amp#27;[0m&amp#27;[32mUser click Deposit button&amp#27;[0m                                                                &amp#27;[90m# STEPS.STEPS.user_click_deposit_button()&amp#27;[0m
INFO    2024-08-29 14:14:26,923 [main] STEPS.STEPS  - ********user_validate_amount********
  &amp#27;[32mThen &amp#27;[0m&amp#27;[32muser validate amount is  deposited or not&amp#27;[0m                                               &amp#27;[90m# STEPS.STEPS.user_validate_amount_is_deposited_or_not()&amp#27;[0m
INFO    2024-08-29 14:14:26,970 [main] STEPS.STEPS  - ********user_navigate_to_home_login_pager********
  &amp#27;[32mWhen &amp#27;[0m&amp#27;[32mUser Navigate to Home login Page&amp#27;[0m                                                        &amp#27;[90m# STEPS.STEPS.user_navigate_to_home_login_page()&amp#27;[0m
INFO    2024-08-29 14:14:26,971 [main] STEPS.STEPS  - ********page_title********
The title of page is Protractor practice website - Banking App
  &amp#27;[32mThen &amp#27;[0m&amp#27;[32mPage Title should be  &amp#27;[0m&amp#27;[32m&amp#27;[1m"Protractor practice website - Banking App"&amp#27;[0m                       &amp#27;[90m# STEPS.STEPS.page_title_should_be(java.lang.String)&amp#27;[0m
INFO    2024-08-29 14:14:26,976 [main] STEPS.STEPS  - ********closingBrowser********
  &amp#27;[32mAnd &amp#27;[0m&amp#27;[32mclose Browser&amp#27;[0m                                                                            &amp#27;[90m# STEPS.STEPS.close_browser()&amp#27;[0m
]]></system-out>
    <system-err><![CDATA[Aug 29, 2024 2:14:25 PM org.openqa.selenium.devtools.CdpVersionFinder findNearestMatch
WARNING: Unable to find an exact match for CDP version 128, returning the closest version; found: 124; Please update to a Selenium version that supports CDP version 128
log4j:ERROR Could not find value for key log4j.appender.Appender
log4j:ERROR Could not instantiate appender named "Appender".
]]></system-err>
  </testcase>
  <testcase name="Successfull login #3" classname="Login to Application" time="2.794">
    <system-out><![CDATA[
@sanity
Scenario Outline: Successfull login                                                            &amp#27;[90m# FEATURE/LOGIN.feature:35&amp#27;[0m
INFO    2024-08-29 14:14:27,977 [main] STEPS.STEPS  - ********LaunchingBrowser*********
  &amp#27;[32mGiven &amp#27;[0m&amp#27;[32mUser launch the browser&amp#27;[0m                                                                &amp#27;[90m# STEPS.STEPS.user_launch_the_browser()&amp#27;[0m
INFO    2024-08-29 14:14:28,505 [main] STEPS.STEPS  - ********open the URL*********
  &amp#27;[32mWhen &amp#27;[0m&amp#27;[32mUser open the URL &amp#27;[0m&amp#27;[32m&amp#27;[1m"https://www.way2automation.com/angularjs-protractor/banking/#/login"&amp#27;[0m &amp#27;[90m# STEPS.STEPS.user_open_the_url(java.lang.String)&amp#27;[0m
INFO    2024-08-29 14:14:28,597 [main] STEPS.STEPS  - ********user_select_customer_login*********
  &amp#27;[32mAnd &amp#27;[0m&amp#27;[32mUser select customer login&amp#27;[0m                                                               &amp#27;[90m# STEPS.STEPS.user_select_customer_login()&amp#27;[0m
INFO    2024-08-29 14:14:29,255 [main] STEPS.STEPS  - ********user_select_the_name_*********
  &amp#27;[32mAnd &amp#27;[0m&amp#27;[32mUser Select the  Name such as &amp#27;[0m&amp#27;[32m&amp#27;[1m"Ron Weasly"&amp#27;[0m                                               &amp#27;[90m# STEPS.STEPS.user_select_the_name_such_as(java.lang.String)&amp#27;[0m
INFO    2024-08-29 14:14:29,313 [main] STEPS.STEPS  - ********user_click_the_deposit_button********
  &amp#27;[32mAnd &amp#27;[0m&amp#27;[32mUser click the Deposit   button&amp#27;[0m                                                          &amp#27;[90m# STEPS.STEPS.user_click_the_deposit_button()&amp#27;[0m
INFO    2024-08-29 14:14:29,447 [main] STEPS.STEPS  - ********user_enter_amount_that_need_to_be_deposited********
INFO    2024-08-29 14:14:29,596 [main] STEPS.STEPS  - ********check_customerloginsr********
  &amp#27;[32mAnd &amp#27;[0m&amp#27;[32mUser enter  amount that need to be Deposited as &amp#27;[0m&amp#27;[32m&amp#27;[1m8700&amp#27;[0m                                     &amp#27;[90m# STEPS.STEPS.user_enter_amount_that_need_to_be_deposited_as(java.lang.Integer)&amp#27;[0m
INFO    2024-08-29 14:14:29,658 [main] STEPS.STEPS  - ********User click Deposit button*******
  &amp#27;[32mAnd &amp#27;[0m&amp#27;[32mUser click Deposit button&amp#27;[0m                                                                &amp#27;[90m# STEPS.STEPS.user_click_deposit_button()&amp#27;[0m
INFO    2024-08-29 14:14:29,683 [main] STEPS.STEPS  - ********user_validate_amount********
  &amp#27;[32mThen &amp#27;[0m&amp#27;[32muser validate amount is  deposited or not&amp#27;[0m                                               &amp#27;[90m# STEPS.STEPS.user_validate_amount_is_deposited_or_not()&amp#27;[0m
INFO    2024-08-29 14:14:29,748 [main] STEPS.STEPS  - ********user_navigate_to_home_login_pager********
  &amp#27;[32mWhen &amp#27;[0m&amp#27;[32mUser Navigate to Home login Page&amp#27;[0m                                                        &amp#27;[90m# STEPS.STEPS.user_navigate_to_home_login_page()&amp#27;[0m
INFO    2024-08-29 14:14:29,749 [main] STEPS.STEPS  - ********page_title********
The title of page is Protractor practice website - Banking App
  &amp#27;[32mThen &amp#27;[0m&amp#27;[32mPage Title should be  &amp#27;[0m&amp#27;[32m&amp#27;[1m"Protractor practice website - Banking App"&amp#27;[0m                       &amp#27;[90m# STEPS.STEPS.page_title_should_be(java.lang.String)&amp#27;[0m
INFO    2024-08-29 14:14:29,755 [main] STEPS.STEPS  - ********closingBrowser********
  &amp#27;[32mAnd &amp#27;[0m&amp#27;[32mclose Browser&amp#27;[0m                                                                            &amp#27;[90m# STEPS.STEPS.close_browser()&amp#27;[0m
]]></system-out>
    <system-err><![CDATA[Aug 29, 2024 2:14:27 PM org.openqa.selenium.devtools.CdpVersionFinder findNearestMatch
WARNING: Unable to find an exact match for CDP version 128, returning the closest version; found: 124; Please update to a Selenium version that supports CDP version 128
log4j:ERROR Could not find value for key log4j.appender.Appender
log4j:ERROR Could not instantiate appender named "Appender".
]]></system-err>
  </testcase>
</testsuite>